[debug] [2024-10-15T02:22:34.477Z] ----------------------------------------------------------------------
[debug] [2024-10-15T02:22:34.479Z] Command:       C:\Program Files\nodejs\node.exe C:\Program Files\nodejs\node_modules\firebase-tools\lib\bin\firebase.js init
[debug] [2024-10-15T02:22:34.480Z] CLI Version:   13.22.0
[debug] [2024-10-15T02:22:34.480Z] Platform:      win32
[debug] [2024-10-15T02:22:34.480Z] Node Version:  v20.17.0
[debug] [2024-10-15T02:22:34.480Z] Time:          Tue Oct 15 2024 09:22:34 GMT+0700 (Western Indonesia Time)
[debug] [2024-10-15T02:22:34.480Z] ----------------------------------------------------------------------
[debug] 
[debug] [2024-10-15T02:22:34.486Z] > command requires scopes: ["email","openid","https://www.googleapis.com/auth/cloudplatformprojects.readonly","https://www.googleapis.com/auth/firebase","https://www.googleapis.com/auth/cloud-platform"]
[debug] [2024-10-15T02:22:34.487Z] > authorizing via signed-in user (andi.irhamm@gmail.com)
[info] 
     ######## #### ########  ######## ########     ###     ######  ########
     ##        ##  ##     ## ##       ##     ##  ##   ##  ##       ##
     ######    ##  ########  ######   ########  #########  ######  ######
     ##        ##  ##    ##  ##       ##     ## ##     ##       ## ##
     ##       #### ##     ## ######## ########  ##     ##  ######  ########

You're about to initialize a Firebase project in this directory:

  D:\Work\javan\after_oct\next-env

[info] 
=== Project Setup
[info] 
[info] First, let's associate this project directory with a Firebase project.
[info] You can create multiple project aliases by running firebase use --add, 
[info] but for now we'll just set up a default project.
[info] 
[debug] [2024-10-15T02:22:49.453Z] Checked if tokens are valid: true, expires at: 1728962544856
[debug] [2024-10-15T02:22:49.453Z] Checked if tokens are valid: true, expires at: 1728962544856
[debug] [2024-10-15T02:22:49.454Z] >>> [apiv2][query] GET https://firebase.googleapis.com/v1beta1/projects pageSize=100
[debug] [2024-10-15T02:22:50.117Z] <<< [apiv2][status] GET https://firebase.googleapis.com/v1beta1/projects 200
[debug] [2024-10-15T02:22:50.117Z] <<< [apiv2][body] GET https://firebase.googleapis.com/v1beta1/projects [omitted]
[info] i  Using project findev-app (findev-app) 
[info] 
=== Hosting Setup
[debug] [2024-10-15T02:22:53.726Z] Checked if tokens are valid: true, expires at: 1728962544856
[debug] [2024-10-15T02:22:53.726Z] Checked if tokens are valid: true, expires at: 1728962544856
[debug] [2024-10-15T02:22:53.726Z] >>> [apiv2][query] GET https://firebase.googleapis.com/v1beta1/projects/findev-app [none]
[debug] [2024-10-15T02:22:54.014Z] <<< [apiv2][status] GET https://firebase.googleapis.com/v1beta1/projects/findev-app 200
[debug] [2024-10-15T02:22:54.014Z] <<< [apiv2][body] GET https://firebase.googleapis.com/v1beta1/projects/findev-app {"projectId":"findev-app","projectNumber":"612076856518","displayName":"findev-app","name":"projects/findev-app","resources":{"hostingSite":"findev-app"},"state":"ACTIVE","etag":"1_966b41e3-2436-4b74-8910-889d800c6d6a"}
[info] 
[info] Your public directory is the folder (relative to your project directory) that
[info] will contain Hosting assets to be uploaded with firebase deploy. If you
[info] have a build process for your assets, use your build's output directory.
[info] 
